<?xml version="1.0" encoding="UTF-8"?>
<coverage generated="1722011664552" clover="3.2.0">
  <project timestamp="1722011664552" name="All files">
    <metrics statements="47" coveredstatements="40" conditionals="22" coveredconditionals="21" methods="4" coveredmethods="4" elements="73" coveredelements="65" complexity="0" loc="47" ncloc="47" packages="2" files="3" classes="3"/>
    <package name="src">
      <metrics statements="28" coveredstatements="21" conditionals="10" coveredconditionals="9" methods="2" coveredmethods="2"/>
      <file name="index.ts" path="/Users/dineshraj/dev/which-technical-exercise-candidate/src/index.ts">
        <metrics statements="28" coveredstatements="21" conditionals="10" coveredconditionals="9" methods="2" coveredmethods="2"/>
        <line num="1" count="1" type="stmt"/>
        <line num="2" count="1" type="stmt"/>
        <line num="3" count="1" type="stmt"/>
        <line num="6" count="1" type="stmt"/>
        <line num="7" count="3" type="stmt"/>
        <line num="8" count="3" type="stmt"/>
        <line num="9" count="3" type="stmt"/>
        <line num="10" count="3" type="stmt"/>
        <line num="12" count="3" type="stmt"/>
        <line num="13" count="20" type="cond" truecount="3" falsecount="0"/>
        <line num="14" count="19" type="stmt"/>
        <line num="15" count="19" type="cond" truecount="2" falsecount="0"/>
        <line num="16" count="13" type="stmt"/>
        <line num="17" count="13" type="stmt"/>
        <line num="18" count="13" type="stmt"/>
        <line num="19" count="6" type="cond" truecount="4" falsecount="0"/>
        <line num="20" count="5" type="stmt"/>
        <line num="22" count="1" type="stmt"/>
        <line num="27" count="3" type="stmt"/>
        <line num="35" count="1" type="cond" truecount="0" falsecount="1"/>
        <line num="36" count="0" type="stmt"/>
        <line num="37" count="0" type="stmt"/>
        <line num="38" count="0" type="stmt"/>
        <line num="39" count="0" type="stmt"/>
        <line num="40" count="0" type="stmt"/>
        <line num="42" count="0" type="stmt"/>
        <line num="45" count="0" type="stmt"/>
        <line num="49" count="1" type="stmt"/>
      </file>
    </package>
    <package name="src.helpers">
      <metrics statements="19" coveredstatements="19" conditionals="12" coveredconditionals="12" methods="2" coveredmethods="2"/>
      <file name="updateCoordinates.ts" path="/Users/dineshraj/dev/which-technical-exercise-candidate/src/helpers/updateCoordinates.ts">
        <metrics statements="13" coveredstatements="13" conditionals="11" coveredconditionals="11" methods="1" coveredmethods="1"/>
        <line num="3" count="2" type="stmt"/>
        <line num="9" count="23" type="cond" truecount="3" falsecount="0"/>
        <line num="10" count="2" type="stmt"/>
        <line num="13" count="21" type="cond" truecount="4" falsecount="0"/>
        <line num="15" count="10" type="cond" truecount="1" falsecount="0"/>
        <line num="16" count="8" type="stmt"/>
        <line num="18" count="2" type="cond" truecount="1" falsecount="0"/>
        <line num="19" count="1" type="stmt"/>
        <line num="21" count="6" type="cond" truecount="1" falsecount="0"/>
        <line num="22" count="5" type="stmt"/>
        <line num="24" count="3" type="cond" truecount="1" falsecount="0"/>
        <line num="25" count="2" type="stmt"/>
        <line num="29" count="2" type="stmt"/>
      </file>
      <file name="updateHeading.ts" path="/Users/dineshraj/dev/which-technical-exercise-candidate/src/helpers/updateHeading.ts">
        <metrics statements="6" coveredstatements="6" conditionals="1" coveredconditionals="1" methods="1" coveredmethods="1"/>
        <line num="9" count="2" type="stmt"/>
        <line num="24" count="2" type="stmt"/>
        <line num="25" count="14" type="cond" truecount="1" falsecount="0"/>
        <line num="26" count="1" type="stmt"/>
        <line num="29" count="13" type="stmt"/>
        <line num="32" count="2" type="stmt"/>
      </file>
    </package>
  </project>
</coverage>
