{"/Users/dineshraj/dev/which-technical-exercise-candidate/src/index.ts": {"path":"/Users/dineshraj/dev/which-technical-exercise-candidate/src/index.ts","statementMap":{"0":{"start":{"line":1,"column":0},"end":{"line":1,"column":34}},"1":{"start":{"line":2,"column":0},"end":{"line":2,"column":52}},"2":{"start":{"line":3,"column":0},"end":{"line":3,"column":60}},"3":{"start":{"line":6,"column":16},"end":{"line":33,"column":1}},"4":{"start":{"line":7,"column":39},"end":{"line":7,"column":41}},"5":{"start":{"line":8,"column":30},"end":{"line":8,"column":38}},"6":{"start":{"line":9,"column":32},"end":{"line":9,"column":39}},"7":{"start":{"line":10,"column":30},"end":{"line":10,"column":34}},"8":{"start":{"line":12,"column":2},"end":{"line":25,"column":5}},"9":{"start":{"line":13,"column":4},"end":{"line":24,"column":null}},"10":{"start":{"line":14,"column":6},"end":{"line":14,"column":33}},"11":{"start":{"line":15,"column":6},"end":{"line":23,"column":null}},"12":{"start":{"line":16,"column":39},"end":{"line":16,"column":105}},"13":{"start":{"line":17,"column":8},"end":{"line":17,"column":34}},"14":{"start":{"line":18,"column":8},"end":{"line":18,"column":34}},"15":{"start":{"line":19,"column":13},"end":{"line":23,"column":null}},"16":{"start":{"line":20,"column":8},"end":{"line":20,"column":66}},"17":{"start":{"line":22,"column":8},"end":{"line":22,"column":32}},"18":{"start":{"line":27,"column":2},"end":{"line":32,"column":4}},"19":{"start":{"line":49,"column":9},"end":{"line":49,"column":16}},"20":{"start":{"line":35,"column":0},"end":{"line":47,"column":null}},"21":{"start":{"line":36,"column":2},"end":{"line":46,"column":null}},"22":{"start":{"line":37,"column":17},"end":{"line":37,"column":67}},"23":{"start":{"line":38,"column":19},"end":{"line":38,"column":32}},"24":{"start":{"line":39,"column":4},"end":{"line":43,"column":null}},"25":{"start":{"line":40,"column":6},"end":{"line":40,"column":67}},"26":{"start":{"line":42,"column":6},"end":{"line":42,"column":50}},"27":{"start":{"line":45,"column":4},"end":{"line":45,"column":49}}},"fnMap":{"0":{"name":"(anonymous_1)","decl":{"start":{"line":6,"column":16},"end":{"line":6,"column":17}},"loc":{"start":{"line":6,"column":68},"end":{"line":33,"column":1}}},"1":{"name":"(anonymous_2)","decl":{"start":{"line":12,"column":21},"end":{"line":12,"column":22}},"loc":{"start":{"line":12,"column":35},"end":{"line":25,"column":3}}}},"branchMap":{"0":{"loc":{"start":{"line":13,"column":4},"end":{"line":24,"column":null}},"type":"if","locations":[{"start":{"line":13,"column":4},"end":{"line":24,"column":null}}]},"1":{"loc":{"start":{"line":13,"column":8},"end":{"line":13,"column":62}},"type":"binary-expr","locations":[{"start":{"line":13,"column":8},"end":{"line":13,"column":33}},{"start":{"line":13,"column":37},"end":{"line":13,"column":62}}]},"2":{"loc":{"start":{"line":15,"column":6},"end":{"line":23,"column":null}},"type":"if","locations":[{"start":{"line":15,"column":6},"end":{"line":23,"column":null}},{"start":{"line":19,"column":13},"end":{"line":23,"column":null}}]},"3":{"loc":{"start":{"line":19,"column":13},"end":{"line":23,"column":null}},"type":"if","locations":[{"start":{"line":19,"column":13},"end":{"line":23,"column":null}},{"start":{"line":21,"column":13},"end":{"line":23,"column":null}}]},"4":{"loc":{"start":{"line":19,"column":17},"end":{"line":19,"column":62}},"type":"binary-expr","locations":[{"start":{"line":19,"column":17},"end":{"line":19,"column":37}},{"start":{"line":19,"column":41},"end":{"line":19,"column":62}}]},"5":{"loc":{"start":{"line":35,"column":0},"end":{"line":47,"column":null}},"type":"if","locations":[{"start":{"line":35,"column":0},"end":{"line":47,"column":null}}]}},"s":{"0":1,"1":1,"2":1,"3":1,"4":3,"5":3,"6":3,"7":3,"8":3,"9":20,"10":19,"11":19,"12":13,"13":13,"14":13,"15":6,"16":5,"17":1,"18":3,"19":1,"20":1,"21":0,"22":0,"23":0,"24":0,"25":0,"26":0,"27":0},"f":{"0":3,"1":20},"b":{"0":[19],"1":[20,20],"2":[13,6],"3":[5,1],"4":[6,4],"5":[0]}}
,"/Users/dineshraj/dev/which-technical-exercise-candidate/src/helpers/updateCoordinates.ts": {"path":"/Users/dineshraj/dev/which-technical-exercise-candidate/src/helpers/updateCoordinates.ts","statementMap":{"0":{"start":{"line":3,"column":26},"end":{"line":27,"column":1}},"1":{"start":{"line":9,"column":2},"end":{"line":11,"column":null}},"2":{"start":{"line":10,"column":4},"end":{"line":10,"column":28}},"3":{"start":{"line":13,"column":2},"end":{"line":26,"column":null}},"4":{"start":{"line":15,"column":6},"end":{"line":15,"column":56}},"5":{"start":{"line":15,"column":29},"end":{"line":15,"column":56}},"6":{"start":{"line":16,"column":6},"end":{"line":16,"column":37}},"7":{"start":{"line":18,"column":6},"end":{"line":18,"column":56}},"8":{"start":{"line":18,"column":29},"end":{"line":18,"column":56}},"9":{"start":{"line":19,"column":6},"end":{"line":19,"column":37}},"10":{"start":{"line":21,"column":6},"end":{"line":21,"column":56}},"11":{"start":{"line":21,"column":29},"end":{"line":21,"column":56}},"12":{"start":{"line":22,"column":6},"end":{"line":22,"column":37}},"13":{"start":{"line":24,"column":6},"end":{"line":24,"column":56}},"14":{"start":{"line":24,"column":29},"end":{"line":24,"column":56}},"15":{"start":{"line":25,"column":6},"end":{"line":25,"column":37}},"16":{"start":{"line":29,"column":0},"end":{"line":29,"column":33}}},"fnMap":{"0":{"name":"(anonymous_0)","decl":{"start":{"line":3,"column":26},"end":{"line":3,"column":null}},"loc":{"start":{"line":8,"column":22},"end":{"line":27,"column":1}}}},"branchMap":{"0":{"loc":{"start":{"line":9,"column":2},"end":{"line":11,"column":null}},"type":"if","locations":[{"start":{"line":9,"column":2},"end":{"line":11,"column":null}}]},"1":{"loc":{"start":{"line":9,"column":6},"end":{"line":9,"column":59}},"type":"binary-expr","locations":[{"start":{"line":9,"column":6},"end":{"line":9,"column":30}},{"start":{"line":9,"column":34},"end":{"line":9,"column":59}}]},"2":{"loc":{"start":{"line":13,"column":2},"end":{"line":26,"column":null}},"type":"switch","locations":[{"start":{"line":14,"column":4},"end":{"line":16,"column":37}},{"start":{"line":17,"column":4},"end":{"line":19,"column":37}},{"start":{"line":20,"column":4},"end":{"line":22,"column":37}},{"start":{"line":23,"column":4},"end":{"line":25,"column":37}}]},"3":{"loc":{"start":{"line":15,"column":6},"end":{"line":15,"column":56}},"type":"if","locations":[{"start":{"line":15,"column":6},"end":{"line":15,"column":56}}]},"4":{"loc":{"start":{"line":18,"column":6},"end":{"line":18,"column":56}},"type":"if","locations":[{"start":{"line":18,"column":6},"end":{"line":18,"column":56}}]},"5":{"loc":{"start":{"line":21,"column":6},"end":{"line":21,"column":56}},"type":"if","locations":[{"start":{"line":21,"column":6},"end":{"line":21,"column":56}}]},"6":{"loc":{"start":{"line":24,"column":6},"end":{"line":24,"column":56}},"type":"if","locations":[{"start":{"line":24,"column":6},"end":{"line":24,"column":56}}]}},"s":{"0":2,"1":23,"2":2,"3":21,"4":10,"5":2,"6":8,"7":2,"8":1,"9":1,"10":6,"11":1,"12":5,"13":3,"14":1,"15":2,"16":2},"f":{"0":23},"b":{"0":[2],"1":[23,22],"2":[10,2,6,3],"3":[2],"4":[1],"5":[1],"6":[1]}}
,"/Users/dineshraj/dev/which-technical-exercise-candidate/src/helpers/updateHeading.ts": {"path":"/Users/dineshraj/dev/which-technical-exercise-candidate/src/helpers/updateHeading.ts","statementMap":{"0":{"start":{"line":9,"column":31},"end":{"line":22,"column":2}},"1":{"start":{"line":24,"column":22},"end":{"line":30,"column":1}},"2":{"start":{"line":25,"column":2},"end":{"line":27,"column":null}},"3":{"start":{"line":26,"column":4},"end":{"line":26,"column":26}},"4":{"start":{"line":29,"column":2},"end":{"line":29,"column":51}},"5":{"start":{"line":32,"column":0},"end":{"line":32,"column":29}}},"fnMap":{"0":{"name":"(anonymous_0)","decl":{"start":{"line":24,"column":22},"end":{"line":24,"column":23}},"loc":{"start":{"line":24,"column":85},"end":{"line":30,"column":1}}}},"branchMap":{"0":{"loc":{"start":{"line":25,"column":2},"end":{"line":27,"column":null}},"type":"if","locations":[{"start":{"line":25,"column":2},"end":{"line":27,"column":null}}]}},"s":{"0":2,"1":2,"2":14,"3":1,"4":13,"5":2},"f":{"0":14},"b":{"0":[1]}}
}
