TN:
SF:src/index.ts
FN:6,(anonymous_1)
FN:12,(anonymous_2)
FNF:2
FNH:2
FNDA:3,(anonymous_1)
FNDA:20,(anonymous_2)
DA:1,1
DA:2,1
DA:3,1
DA:6,1
DA:7,3
DA:8,3
DA:9,3
DA:10,3
DA:12,3
DA:13,20
DA:14,19
DA:15,19
DA:16,13
DA:17,13
DA:18,13
DA:19,6
DA:20,5
DA:22,1
DA:27,3
DA:35,1
DA:36,0
DA:37,0
DA:38,0
DA:39,0
DA:40,0
DA:42,0
DA:45,0
DA:49,1
LF:28
LH:21
BRDA:13,0,0,19
BRDA:13,1,0,20
BRDA:13,1,1,20
BRDA:15,2,0,13
BRDA:15,2,1,6
BRDA:19,3,0,5
BRDA:19,3,1,1
BRDA:19,4,0,6
BRDA:19,4,1,4
BRDA:35,5,0,0
BRF:10
BRH:9
end_of_record
TN:
SF:src/helpers/updateCoordinates.ts
FN:3,(anonymous_0)
FNF:1
FNH:1
FNDA:23,(anonymous_0)
DA:3,2
DA:9,23
DA:10,2
DA:13,21
DA:15,10
DA:16,8
DA:18,2
DA:19,1
DA:21,6
DA:22,5
DA:24,3
DA:25,2
DA:29,2
LF:13
LH:13
BRDA:9,0,0,2
BRDA:9,1,0,23
BRDA:9,1,1,22
BRDA:13,2,0,10
BRDA:13,2,1,2
BRDA:13,2,2,6
BRDA:13,2,3,3
BRDA:15,3,0,2
BRDA:18,4,0,1
BRDA:21,5,0,1
BRDA:24,6,0,1
BRF:11
BRH:11
end_of_record
TN:
SF:src/helpers/updateHeading.ts
FN:24,(anonymous_0)
FNF:1
FNH:1
FNDA:14,(anonymous_0)
DA:9,2
DA:24,2
DA:25,14
DA:26,1
DA:29,13
DA:32,2
LF:6
LH:6
BRDA:25,0,0,1
BRF:1
BRH:1
end_of_record
